<?xml version="1.0" encoding="UTF-8"?>
<!-- Generated by org.testng.reporters.JUnitReportReporter -->
<testsuite hostname="DESKTOP-93MOUUG" failures="0" tests="3" name="demoProjectPackage1.TestClass1" time="16.283" errors="0" timestamp="2024-05-13T11:12:28 NPT" skipped="0">
  <testcase classname="demoProjectPackage1.TestClass1" name="test2" time="8.526"/>
  <testcase classname="demoProjectPackage1.TestClass1" name="test3" time="4.101"/>
  <testcase classname="demoProjectPackage1.TestClass1" name="test1" time="3.656"/>
</testsuite> <!-- demoProjectPackage1.TestClass1 -->
